-------------------------------------------------------------------------------
Test set: catalog.integrity.CursoDAOIntegTest
-------------------------------------------------------------------------------
Tests run: 2, Failures: 1, Errors: 0, Skipped: 0, Time elapsed: 0.051 s <<< FAILURE! - in catalog.integrity.CursoDAOIntegTest
oneSessionTest(catalog.integrity.CursoDAOIntegTest)  Time elapsed: 0.012 s  <<< FAILURE!
java.lang.AssertionError
	at catalog.integrity.CursoDAOIntegTest.oneSessionTest(CursoDAOIntegTest.java:35)

