<?xml version="1.0" encoding="UTF-8"?>
<testsuite xmlns:xsi="http://www.w3.org/2001/XMLSchema-instance" xsi:noNamespaceSchemaLocation="https://maven.apache.org/surefire/maven-surefire-plugin/xsd/surefire-test-report.xsd" name="catalog.integrity.CursoMapperTest" time="0.826" tests="1" errors="1" skipped="0" failures="0">
  <properties>
[...]
</properties>
  <testcase name="testCurso" classname="catalog.integrity.CursoMapperTest" time="0.035">
    <error message="Invalid bound statement (not found): catalog.dao.CourseMapper.selectActives" type="org.apache.ibatis.binding.BindingException">org.apache.ibatis.binding.BindingException: Invalid bound statement (not found): catalog.dao.CourseMapper.selectActives
	at catalog.integrity.CursoMapperTest.testCurso(CursoMapperTest.java:26)
</error>
    <system-err><![CDATA[oct 06, 2017 3:35:36 PM org.springframework.test.context.support.DefaultTestContextBootstrapper getDefaultTestExecutionListenerClassNames
INFORMACIÓN: Loaded default TestExecutionListener class names from location [META-INF/spring.factories]: [org.springframework.boot.test.mock.mockito.MockitoTestExecutionListener, org.springframework.boot.test.mock.mockito.ResetMocksTestExecutionListener, org.springframework.boot.test.autoconfigure.restdocs.RestDocsTestExecutionListener, org.springframework.boot.test.autoconfigure.web.client.MockRestServiceServerResetTestExecutionListener, org.springframework.boot.test.autoconfigure.web.servlet.MockMvcPrintOnlyOnFailureTestExecutionListener, org.springframework.boot.test.autoconfigure.web.servlet.WebDriverTestExecutionListener, org.springframework.test.context.web.ServletTestExecutionListener, org.springframework.test.context.support.DirtiesContextBeforeModesTestExecutionListener, org.springframework.test.context.support.DependencyInjectionTestExecutionListener, org.springframework.test.context.support.DirtiesContextTestExecutionListener, org.springframework.test.context.transaction.TransactionalTestExecutionListener, org.springframework.test.context.jdbc.SqlScriptsTestExecutionListener]
oct 06, 2017 3:35:36 PM org.springframework.test.context.support.DefaultTestContextBootstrapper getTestExecutionListeners
INFORMACIÓN: Using TestExecutionListeners: [org.springframework.test.context.web.ServletTestExecutionListener@2cde0397, org.springframework.test.context.support.DirtiesContextBeforeModesTestExecutionListener@60483dcf, org.springframework.test.context.support.DependencyInjectionTestExecutionListener@308bd473, org.springframework.test.context.support.DirtiesContextTestExecutionListener@7d0ae3d1, org.springframework.test.context.transaction.TransactionalTestExecutionListener@2114955c, org.springframework.test.context.jdbc.SqlScriptsTestExecutionListener@1362f4, org.springframework.boot.test.autoconfigure.web.servlet.WebDriverTestExecutionListener@6e5506c9, org.springframework.boot.test.mock.mockito.MockitoTestExecutionListener@446b74b9, org.springframework.boot.test.autoconfigure.restdocs.RestDocsTestExecutionListener@41d0b71d, org.springframework.boot.test.autoconfigure.web.client.MockRestServiceServerResetTestExecutionListener@5a4f7911, org.springframework.boot.test.autoconfigure.web.servlet.MockMvcPrintOnlyOnFailureTestExecutionListener@1cea4fdf, org.springframework.boot.test.mock.mockito.ResetMocksTestExecutionListener@33b3e47]
oct 06, 2017 3:35:36 PM org.springframework.beans.factory.xml.XmlBeanDefinitionReader loadBeanDefinitions
INFORMACIÓN: Loading XML bean definitions from class path resource [test-application-context.xml]
oct 06, 2017 3:35:36 PM org.springframework.context.support.GenericApplicationContext prepareRefresh
INFORMACIÓN: Refreshing org.springframework.context.support.GenericApplicationContext@c1e7bea: startup date [Fri Oct 06 15:35:36 CEST 2017]; root of context hierarchy
oct 06, 2017 3:35:37 PM org.springframework.jdbc.datasource.DriverManagerDataSource setDriverClassName
INFORMACIÓN: Loaded JDBC driver: com.mysql.jdbc.Driver
Fri Oct 06 15:35:37 CEST 2017 WARN: Establishing SSL connection without server's identity verification is not recommended. According to MySQL 5.5.45+, 5.6.26+ and 5.7.6+ requirements SSL connection must be established by default if explicit option isn't set. For compliance with existing applications not using SSL the verifyServerCertificate property is set to 'false'. You need either to explicitly disable SSL by setting useSSL=false, or set useSSL=true and provide truststore for server certificate verification.
oct 06, 2017 3:35:37 PM org.springframework.test.context.transaction.TransactionContext startTransaction
INFORMACIÓN: Began transaction (1) for test context [DefaultTestContext@1c204621 testClass = CursoMapperTest, testInstance = catalog.integrity.CursoMapperTest@a588739, testMethod = testCurso@CursoMapperTest, testException = [null], mergedContextConfiguration = [MergedContextConfiguration@48d05f98 testClass = CursoMapperTest, locations = '{classpath:test-application-context.xml}', classes = '{}', contextInitializerClasses = '[]', activeProfiles = '{}', propertySourceLocations = '{}', propertySourceProperties = '{}', contextCustomizers = set[org.springframework.boot.test.context.filter.ExcludeFilterContextCustomizer@11303cb, org.springframework.boot.test.json.DuplicateJsonObjectContextCustomizerFactory$DuplicateJsonObjectContextCustomizer@6f8af186, org.springframework.boot.test.mock.mockito.MockitoContextCustomizer@0, org.springframework.boot.test.autoconfigure.properties.PropertyMappingContextCustomizer@0, org.springframework.boot.test.autoconfigure.web.servlet.WebDriverContextCustomizerFactory$Customizer@6a51a39d], contextLoader = 'org.springframework.test.context.support.DelegatingSmartContextLoader', parent = [null]]]; transaction manager [org.springframework.jdbc.datasource.DataSourceTransactionManager@3775c3e3]; rollback [true]
oct 06, 2017 3:35:37 PM org.springframework.test.context.transaction.TransactionContext endTransaction
INFORMACIÓN: Rolled back transaction for test context [DefaultTestContext@1c204621 testClass = CursoMapperTest, testInstance = catalog.integrity.CursoMapperTest@a588739, testMethod = testCurso@CursoMapperTest, testException = org.apache.ibatis.binding.BindingException: Invalid bound statement (not found): catalog.dao.CourseMapper.selectActives, mergedContextConfiguration = [MergedContextConfiguration@48d05f98 testClass = CursoMapperTest, locations = '{classpath:test-application-context.xml}', classes = '{}', contextInitializerClasses = '[]', activeProfiles = '{}', propertySourceLocations = '{}', propertySourceProperties = '{}', contextCustomizers = set[org.springframework.boot.test.context.filter.ExcludeFilterContextCustomizer@11303cb, org.springframework.boot.test.json.DuplicateJsonObjectContextCustomizerFactory$DuplicateJsonObjectContextCustomizer@6f8af186, org.springframework.boot.test.mock.mockito.MockitoContextCustomizer@0, org.springframework.boot.test.autoconfigure.properties.PropertyMappingContextCustomizer@0, org.springframework.boot.test.autoconfigure.web.servlet.WebDriverContextCustomizerFactory$Customizer@6a51a39d], contextLoader = 'org.springframework.test.context.support.DelegatingSmartContextLoader', parent = [null]]].
]]></system-err>
  </testcase>
</testsuite>